d:\ctdlgt2019\ctdl\debug\vc140.pdb
d:\ctdlgt2019\ctdl\debug\vc140.idb
d:\ctdlgt2019\ctdl\debug\ctdl.pch
d:\ctdlgt2019\ctdl\debug\stdafx.obj
<<<<<<< HEAD
d:\ctdlgt2019\ctdl\debug\globalvariable.obj
d:\ctdlgt2019\ctdl\debug\mylib.obj
d:\ctdlgt2019\ctdl\debug\welcome.obj
=======
d:\ctdlgt2019\ctdl\debug\vc140.pdb
d:\ctdlgt2019\ctdl\debug\xulyds.obj
d:\ctdlgt2019\ctdl\debug\xulydg.obj
d:\ctdlgt2019\ctdl\debug\welcome.obj
d:\ctdlgt2019\ctdl\debug\tempdg.obj
d:\ctdlgt2019\ctdl\debug\rwdocgia.obj
d:\ctdlgt2019\ctdl\debug\rwdausach.obj
d:\ctdlgt2019\ctdl\debug\mylib.obj
d:\ctdlgt2019\ctdl\debug\main.obj
d:\ctdlgt2019\ctdl\debug\globalvariable.obj
d:\ctdlgt2019\ctdl\debug\dausach.obj
d:\ctdlgt2019\ctdl\debug\check_input.obj
d:\ctdlgt2019\ctdl\debug\date.obj
d:\ctdlgt2019\ctdl\debug\xulymt.obj
d:\ctdlgt2019\ctdl\debug\tempdg.obj.enc
d:\ctdlgt2019\ctdl\debug\ctdl.ilk
d:\ctdlgt2019\ctdl\debug\vc140.idb
d:\ctdlgt2019\ctdl\debug\ctdl.pdb
d:\ctdlgt2019\ctdl\debug\ctdl.exe
>>>>>>> c4bc09c5d0e8aac5131dca0c7b81d17067d00b77
d:\ctdlgt2019\ctdl\debug\ctdl.tlog\cl.command.1.tlog
d:\ctdlgt2019\ctdl\debug\ctdl.tlog\cl.read.1.tlog
d:\ctdlgt2019\ctdl\debug\ctdl.tlog\cl.write.1.tlog
